27-Apr-2016 20:56:54.989 INFO [main] org.apache.catalina.startup.VersionLoggerListener.log Server version:        Apache Tomcat/9.0.0.M4
27-Apr-2016 20:56:54.989 INFO [main] org.apache.catalina.startup.VersionLoggerListener.log Server built:          Mar 12 2016 11:39:59 UTC
27-Apr-2016 20:56:54.989 INFO [main] org.apache.catalina.startup.VersionLoggerListener.log Server number:         9.0.0.0
27-Apr-2016 20:56:54.989 INFO [main] org.apache.catalina.startup.VersionLoggerListener.log OS Name:               Windows 10
27-Apr-2016 20:56:54.989 INFO [main] org.apache.catalina.startup.VersionLoggerListener.log OS Version:            10.0
27-Apr-2016 20:56:54.989 INFO [main] org.apache.catalina.startup.VersionLoggerListener.log Architecture:          amd64
27-Apr-2016 20:56:54.989 INFO [main] org.apache.catalina.startup.VersionLoggerListener.log Java Home:             D:\JDK8\jre
27-Apr-2016 20:56:54.989 INFO [main] org.apache.catalina.startup.VersionLoggerListener.log JVM Version:           1.8.0_65-b17
27-Apr-2016 20:56:54.989 INFO [main] org.apache.catalina.startup.VersionLoggerListener.log JVM Vendor:            Oracle Corporation
27-Apr-2016 20:56:54.989 INFO [main] org.apache.catalina.startup.VersionLoggerListener.log CATALINA_BASE:         D:\Issue-Tracker\Program\apache-tomcat-9.0.0.M4
27-Apr-2016 20:56:54.989 INFO [main] org.apache.catalina.startup.VersionLoggerListener.log CATALINA_HOME:         D:\Issue-Tracker\Program\apache-tomcat-9.0.0.M4
27-Apr-2016 20:56:54.989 INFO [main] org.apache.catalina.startup.VersionLoggerListener.log Command line argument: -Djava.util.logging.config.file=D:\Issue-Tracker\Program\apache-tomcat-9.0.0.M4\conf\logging.properties
27-Apr-2016 20:56:54.989 INFO [main] org.apache.catalina.startup.VersionLoggerListener.log Command line argument: -Djava.util.logging.manager=org.apache.juli.ClassLoaderLogManager
27-Apr-2016 20:56:54.989 INFO [main] org.apache.catalina.startup.VersionLoggerListener.log Command line argument: -Dcatalina.base=D:\Issue-Tracker\Program\apache-tomcat-9.0.0.M4
27-Apr-2016 20:56:54.989 INFO [main] org.apache.catalina.startup.VersionLoggerListener.log Command line argument: -Dcatalina.home=D:\Issue-Tracker\Program\apache-tomcat-9.0.0.M4
27-Apr-2016 20:56:54.989 INFO [main] org.apache.catalina.startup.VersionLoggerListener.log Command line argument: -Djava.io.tmpdir=D:\Issue-Tracker\Program\apache-tomcat-9.0.0.M4\temp
27-Apr-2016 20:56:54.989 INFO [main] org.apache.catalina.core.AprLifecycleListener.lifecycleEvent The APR based Apache Tomcat Native library which allows optimal performance in production environments was not found on the java.library.path: D:\JDK8\bin;E:\WINDOWS\Sun\Java\bin;E:\WINDOWS\system32;E:\WINDOWS;E:\ProgramData\Oracle\Java\javapath;E:\Windows\system32;E:\Windows;E:\Windows\System32\Wbem;E:\Windows\System32\WindowsPowerShell\v1.0\;E:\Program Files\Microsoft SQL Server\110\Tools\Binn\;E:\Program Files (x86)\Common Files\Acronis\SnapAPI\;D:\Go\bin;D:\Gopath\bin;E:\Program Files (x86)\Microsoft SQL Server\100\Tools\Binn\;E:\Program Files\Microsoft SQL Server\100\Tools\Binn\;E:\Program Files\Microsoft SQL Server\100\DTS\Binn\;D:\Programs\PascalFree2.6.4\bin\i386-Win32;E:\Program Files (x86)\NVIDIA Corporation\PhysX\Common;D:\MinGW\bin;E:\Users\Reddy\.dnx\bin;E:\Program Files\Microsoft DNX\Dnvm\;E:\WINDOWS\system32;E:\WINDOWS;E:\WINDOWS\System32\Wbem;E:\WINDOWS\System32\WindowsPowerShell\v1.0\;E:\Program Files (x86)\Windows Kits\8.1\Windows Performance Toolkit\;E:\Program Files (x86)\Skype\Phone\;E:\Program Files\Microsoft SQL Server\120\DTS\Binn\;E:\Program Files\Microsoft SQL Server\Client SDK\ODBC\110\Tools\Binn\;E:\Program Files (x86)\Microsoft SQL Server\120\Tools\Binn\;E:\Program Files\Microsoft SQL Server\120\Tools\Binn\;E:\Program Files (x86)\Microsoft SQL Server\120\Tools\Binn\ManagementStudio\;E:\Program Files (x86)\Microsoft SQL Server\120\DTS\Binn\;d:\programs\d3dgear;d:\programs\d3dgear;D:\Programs\FreeArc\bin;.
27-Apr-2016 20:56:55.183 INFO [main] org.apache.coyote.AbstractProtocol.init Initializing ProtocolHandler ["http-nio-8080"]
27-Apr-2016 20:56:55.240 INFO [main] org.apache.tomcat.util.net.NioSelectorPool.getSharedSelector Using a shared selector for servlet write/read
27-Apr-2016 20:56:55.243 INFO [main] org.apache.coyote.AbstractProtocol.init Initializing ProtocolHandler ["ajp-nio-8009"]
27-Apr-2016 20:56:55.245 INFO [main] org.apache.tomcat.util.net.NioSelectorPool.getSharedSelector Using a shared selector for servlet write/read
27-Apr-2016 20:56:55.245 INFO [main] org.apache.catalina.startup.Catalina.load Initialization processed in 645 ms
27-Apr-2016 20:56:55.274 INFO [main] org.apache.catalina.core.StandardService.startInternal Starting service Catalina
27-Apr-2016 20:56:55.275 INFO [main] org.apache.catalina.core.StandardEngine.startInternal Starting Servlet Engine: Apache Tomcat/9.0.0.M4
27-Apr-2016 20:56:55.281 INFO [localhost-startStop-1] org.apache.catalina.startup.HostConfig.deployDirectory Deploying web application directory D:\Issue-Tracker\Program\apache-tomcat-9.0.0.M4\webapps\docs
27-Apr-2016 20:56:55.505 INFO [localhost-startStop-1] org.apache.catalina.startup.HostConfig.deployDirectory Deployment of web application directory D:\Issue-Tracker\Program\apache-tomcat-9.0.0.M4\webapps\docs has finished in 224 ms
27-Apr-2016 20:56:55.505 INFO [localhost-startStop-1] org.apache.catalina.startup.HostConfig.deployDirectory Deploying web application directory D:\Issue-Tracker\Program\apache-tomcat-9.0.0.M4\webapps\examples
27-Apr-2016 20:56:55.724 INFO [localhost-startStop-1] org.apache.catalina.startup.HostConfig.deployDirectory Deployment of web application directory D:\Issue-Tracker\Program\apache-tomcat-9.0.0.M4\webapps\examples has finished in 219 ms
27-Apr-2016 20:56:55.724 INFO [localhost-startStop-1] org.apache.catalina.startup.HostConfig.deployDirectory Deploying web application directory D:\Issue-Tracker\Program\apache-tomcat-9.0.0.M4\webapps\host-manager
27-Apr-2016 20:56:55.740 INFO [localhost-startStop-1] org.apache.catalina.startup.HostConfig.deployDirectory Deployment of web application directory D:\Issue-Tracker\Program\apache-tomcat-9.0.0.M4\webapps\host-manager has finished in 16 ms
27-Apr-2016 20:56:55.740 INFO [localhost-startStop-1] org.apache.catalina.startup.HostConfig.deployDirectory Deploying web application directory D:\Issue-Tracker\Program\apache-tomcat-9.0.0.M4\webapps\manager
27-Apr-2016 20:56:55.755 INFO [localhost-startStop-1] org.apache.catalina.startup.HostConfig.deployDirectory Deployment of web application directory D:\Issue-Tracker\Program\apache-tomcat-9.0.0.M4\webapps\manager has finished in 15 ms
27-Apr-2016 20:56:55.755 INFO [localhost-startStop-1] org.apache.catalina.startup.HostConfig.deployDirectory Deploying web application directory D:\Issue-Tracker\Program\apache-tomcat-9.0.0.M4\webapps\ROOT
27-Apr-2016 20:56:55.771 INFO [localhost-startStop-1] org.apache.catalina.startup.HostConfig.deployDirectory Deployment of web application directory D:\Issue-Tracker\Program\apache-tomcat-9.0.0.M4\webapps\ROOT has finished in 16 ms
27-Apr-2016 20:56:55.786 INFO [main] org.apache.coyote.AbstractProtocol.start Starting ProtocolHandler [http-nio-8080]
27-Apr-2016 20:56:55.792 INFO [main] org.apache.coyote.AbstractProtocol.start Starting ProtocolHandler [ajp-nio-8009]
27-Apr-2016 20:56:55.793 INFO [main] org.apache.catalina.startup.Catalina.start Server startup in 547 ms
27-Apr-2016 21:02:25.941 INFO [ContainerBackgroundProcessor[StandardEngine[Catalina]]] org.apache.catalina.startup.HostConfig.reload Reloading context []
27-Apr-2016 21:02:25.941 INFO [ContainerBackgroundProcessor[StandardEngine[Catalina]]] org.apache.catalina.core.StandardContext.reload Reloading Context with name [] has started
27-Apr-2016 21:02:25.957 INFO [ContainerBackgroundProcessor[StandardEngine[Catalina]]] org.apache.catalina.core.StandardContext.reload Reloading Context with name [] is completed
27-Apr-2016 21:02:35.962 INFO [ContainerBackgroundProcessor[StandardEngine[Catalina]]] org.apache.catalina.startup.HostConfig.reload Reloading context []
27-Apr-2016 21:02:35.962 INFO [ContainerBackgroundProcessor[StandardEngine[Catalina]]] org.apache.catalina.core.StandardContext.reload Reloading Context with name [] has started
27-Apr-2016 21:02:35.980 INFO [ContainerBackgroundProcessor[StandardEngine[Catalina]]] org.apache.catalina.core.StandardContext.reload Reloading Context with name [] is completed
27-Apr-2016 21:03:25.901 INFO [main] org.apache.catalina.core.StandardServer.await A valid shutdown command was received via the shutdown port. Stopping the Server instance.
27-Apr-2016 21:03:25.902 INFO [main] org.apache.coyote.AbstractProtocol.pause Pausing ProtocolHandler ["http-nio-8080"]
27-Apr-2016 21:03:25.954 INFO [main] org.apache.coyote.AbstractProtocol.pause Pausing ProtocolHandler ["ajp-nio-8009"]
27-Apr-2016 21:03:26.006 INFO [main] org.apache.catalina.core.StandardService.stopInternal Stopping service Catalina
27-Apr-2016 21:03:26.018 INFO [main] org.apache.coyote.AbstractProtocol.stop Stopping ProtocolHandler ["http-nio-8080"]
27-Apr-2016 21:03:26.020 INFO [main] org.apache.coyote.AbstractProtocol.stop Stopping ProtocolHandler ["ajp-nio-8009"]
27-Apr-2016 21:03:26.021 INFO [main] org.apache.coyote.AbstractProtocol.destroy Destroying ProtocolHandler ["http-nio-8080"]
27-Apr-2016 21:03:26.022 INFO [main] org.apache.coyote.AbstractProtocol.destroy Destroying ProtocolHandler ["ajp-nio-8009"]
27-Apr-2016 21:04:50.308 INFO [main] org.apache.catalina.startup.VersionLoggerListener.log Server version:        Apache Tomcat/9.0.0.M4
27-Apr-2016 21:04:50.309 INFO [main] org.apache.catalina.startup.VersionLoggerListener.log Server built:          Mar 12 2016 11:39:59 UTC
27-Apr-2016 21:04:50.309 INFO [main] org.apache.catalina.startup.VersionLoggerListener.log Server number:         9.0.0.0
27-Apr-2016 21:04:50.309 INFO [main] org.apache.catalina.startup.VersionLoggerListener.log OS Name:               Windows 10
27-Apr-2016 21:04:50.309 INFO [main] org.apache.catalina.startup.VersionLoggerListener.log OS Version:            10.0
27-Apr-2016 21:04:50.310 INFO [main] org.apache.catalina.startup.VersionLoggerListener.log Architecture:          amd64
27-Apr-2016 21:04:50.310 INFO [main] org.apache.catalina.startup.VersionLoggerListener.log Java Home:             D:\JDK8\jre
27-Apr-2016 21:04:50.310 INFO [main] org.apache.catalina.startup.VersionLoggerListener.log JVM Version:           1.8.0_65-b17
27-Apr-2016 21:04:50.310 INFO [main] org.apache.catalina.startup.VersionLoggerListener.log JVM Vendor:            Oracle Corporation
27-Apr-2016 21:04:50.311 INFO [main] org.apache.catalina.startup.VersionLoggerListener.log CATALINA_BASE:         D:\Issue-Tracker\Program\apache-tomcat-9.0.0.M4
27-Apr-2016 21:04:50.311 INFO [main] org.apache.catalina.startup.VersionLoggerListener.log CATALINA_HOME:         D:\Issue-Tracker\Program\apache-tomcat-9.0.0.M4
27-Apr-2016 21:04:50.311 INFO [main] org.apache.catalina.startup.VersionLoggerListener.log Command line argument: -Djava.util.logging.config.file=D:\Issue-Tracker\Program\apache-tomcat-9.0.0.M4\conf\logging.properties
27-Apr-2016 21:04:50.311 INFO [main] org.apache.catalina.startup.VersionLoggerListener.log Command line argument: -Djava.util.logging.manager=org.apache.juli.ClassLoaderLogManager
27-Apr-2016 21:04:50.312 INFO [main] org.apache.catalina.startup.VersionLoggerListener.log Command line argument: -Dcatalina.base=D:\Issue-Tracker\Program\apache-tomcat-9.0.0.M4
27-Apr-2016 21:04:50.312 INFO [main] org.apache.catalina.startup.VersionLoggerListener.log Command line argument: -Dcatalina.home=D:\Issue-Tracker\Program\apache-tomcat-9.0.0.M4
27-Apr-2016 21:04:50.312 INFO [main] org.apache.catalina.startup.VersionLoggerListener.log Command line argument: -Djava.io.tmpdir=D:\Issue-Tracker\Program\apache-tomcat-9.0.0.M4\temp
27-Apr-2016 21:04:50.313 INFO [main] org.apache.catalina.core.AprLifecycleListener.lifecycleEvent The APR based Apache Tomcat Native library which allows optimal performance in production environments was not found on the java.library.path: D:\JDK8\bin;E:\WINDOWS\Sun\Java\bin;E:\WINDOWS\system32;E:\WINDOWS;E:\ProgramData\Oracle\Java\javapath;E:\Windows\system32;E:\Windows;E:\Windows\System32\Wbem;E:\Windows\System32\WindowsPowerShell\v1.0\;E:\Program Files\Microsoft SQL Server\110\Tools\Binn\;E:\Program Files (x86)\Common Files\Acronis\SnapAPI\;D:\Go\bin;D:\Gopath\bin;E:\Program Files (x86)\Microsoft SQL Server\100\Tools\Binn\;E:\Program Files\Microsoft SQL Server\100\Tools\Binn\;E:\Program Files\Microsoft SQL Server\100\DTS\Binn\;D:\Programs\PascalFree2.6.4\bin\i386-Win32;E:\Program Files (x86)\NVIDIA Corporation\PhysX\Common;D:\MinGW\bin;E:\Users\Reddy\.dnx\bin;E:\Program Files\Microsoft DNX\Dnvm\;E:\WINDOWS\system32;E:\WINDOWS;E:\WINDOWS\System32\Wbem;E:\WINDOWS\System32\WindowsPowerShell\v1.0\;E:\Program Files (x86)\Windows Kits\8.1\Windows Performance Toolkit\;E:\Program Files (x86)\Skype\Phone\;E:\Program Files\Microsoft SQL Server\120\DTS\Binn\;E:\Program Files\Microsoft SQL Server\Client SDK\ODBC\110\Tools\Binn\;E:\Program Files (x86)\Microsoft SQL Server\120\Tools\Binn\;E:\Program Files\Microsoft SQL Server\120\Tools\Binn\;E:\Program Files (x86)\Microsoft SQL Server\120\Tools\Binn\ManagementStudio\;E:\Program Files (x86)\Microsoft SQL Server\120\DTS\Binn\;d:\programs\d3dgear;d:\programs\d3dgear;D:\Programs\FreeArc\bin;.
27-Apr-2016 21:04:50.407 INFO [main] org.apache.coyote.AbstractProtocol.init Initializing ProtocolHandler ["http-nio-80"]
27-Apr-2016 21:04:50.418 SEVERE [main] org.apache.coyote.AbstractProtocol.init Failed to initialize end point associated with ProtocolHandler ["http-nio-80"]
 java.net.BindException: Address already in use: bind
	at sun.nio.ch.Net.bind0(Native Method)
	at sun.nio.ch.Net.bind(Net.java:433)
	at sun.nio.ch.Net.bind(Net.java:425)
	at sun.nio.ch.ServerSocketChannelImpl.bind(ServerSocketChannelImpl.java:223)
	at sun.nio.ch.ServerSocketAdaptor.bind(ServerSocketAdaptor.java:74)
	at org.apache.tomcat.util.net.NioEndpoint.bind(NioEndpoint.java:245)
	at org.apache.tomcat.util.net.AbstractEndpoint.init(AbstractEndpoint.java:798)
	at org.apache.coyote.AbstractProtocol.init(AbstractProtocol.java:547)
	at org.apache.coyote.http11.AbstractHttp11Protocol.init(AbstractHttp11Protocol.java:66)
	at org.apache.catalina.connector.Connector.initInternal(Connector.java:1010)
	at org.apache.catalina.util.LifecycleBase.init(LifecycleBase.java:107)
	at org.apache.catalina.core.StandardService.initInternal(StandardService.java:549)
	at org.apache.catalina.util.LifecycleBase.init(LifecycleBase.java:107)
	at org.apache.catalina.core.StandardServer.initInternal(StandardServer.java:873)
	at org.apache.catalina.util.LifecycleBase.init(LifecycleBase.java:107)
	at org.apache.catalina.startup.Catalina.load(Catalina.java:606)
	at org.apache.catalina.startup.Catalina.load(Catalina.java:629)
	at sun.reflect.NativeMethodAccessorImpl.invoke0(Native Method)
	at sun.reflect.NativeMethodAccessorImpl.invoke(NativeMethodAccessorImpl.java:62)
	at sun.reflect.DelegatingMethodAccessorImpl.invoke(DelegatingMethodAccessorImpl.java:43)
	at java.lang.reflect.Method.invoke(Method.java:497)
	at org.apache.catalina.startup.Bootstrap.load(Bootstrap.java:311)
	at org.apache.catalina.startup.Bootstrap.main(Bootstrap.java:494)

27-Apr-2016 21:04:50.434 SEVERE [main] org.apache.catalina.core.StandardService.initInternal Failed to initialize connector [Connector[HTTP/1.1-80]]
 org.apache.catalina.LifecycleException: Failed to initialize component [Connector[HTTP/1.1-80]]
	at org.apache.catalina.util.LifecycleBase.init(LifecycleBase.java:112)
	at org.apache.catalina.core.StandardService.initInternal(StandardService.java:549)
	at org.apache.catalina.util.LifecycleBase.init(LifecycleBase.java:107)
	at org.apache.catalina.core.StandardServer.initInternal(StandardServer.java:873)
	at org.apache.catalina.util.LifecycleBase.init(LifecycleBase.java:107)
	at org.apache.catalina.startup.Catalina.load(Catalina.java:606)
	at org.apache.catalina.startup.Catalina.load(Catalina.java:629)
	at sun.reflect.NativeMethodAccessorImpl.invoke0(Native Method)
	at sun.reflect.NativeMethodAccessorImpl.invoke(NativeMethodAccessorImpl.java:62)
	at sun.reflect.DelegatingMethodAccessorImpl.invoke(DelegatingMethodAccessorImpl.java:43)
	at java.lang.reflect.Method.invoke(Method.java:497)
	at org.apache.catalina.startup.Bootstrap.load(Bootstrap.java:311)
	at org.apache.catalina.startup.Bootstrap.main(Bootstrap.java:494)
Caused by: org.apache.catalina.LifecycleException: Protocol handler initialization failed
	at org.apache.catalina.connector.Connector.initInternal(Connector.java:1013)
	at org.apache.catalina.util.LifecycleBase.init(LifecycleBase.java:107)
	... 12 more
Caused by: java.net.BindException: Address already in use: bind
	at sun.nio.ch.Net.bind0(Native Method)
	at sun.nio.ch.Net.bind(Net.java:433)
	at sun.nio.ch.Net.bind(Net.java:425)
	at sun.nio.ch.ServerSocketChannelImpl.bind(ServerSocketChannelImpl.java:223)
	at sun.nio.ch.ServerSocketAdaptor.bind(ServerSocketAdaptor.java:74)
	at org.apache.tomcat.util.net.NioEndpoint.bind(NioEndpoint.java:245)
	at org.apache.tomcat.util.net.AbstractEndpoint.init(AbstractEndpoint.java:798)
	at org.apache.coyote.AbstractProtocol.init(AbstractProtocol.java:547)
	at org.apache.coyote.http11.AbstractHttp11Protocol.init(AbstractHttp11Protocol.java:66)
	at org.apache.catalina.connector.Connector.initInternal(Connector.java:1010)
	... 13 more

27-Apr-2016 21:04:50.438 INFO [main] org.apache.coyote.AbstractProtocol.init Initializing ProtocolHandler ["ajp-nio-8009"]
27-Apr-2016 21:04:50.501 INFO [main] org.apache.tomcat.util.net.NioSelectorPool.getSharedSelector Using a shared selector for servlet write/read
27-Apr-2016 21:04:50.503 INFO [main] org.apache.catalina.startup.Catalina.load Initialization processed in 462 ms
27-Apr-2016 21:04:50.518 INFO [main] org.apache.catalina.core.StandardService.startInternal Starting service Catalina
27-Apr-2016 21:04:50.518 INFO [main] org.apache.catalina.core.StandardEngine.startInternal Starting Servlet Engine: Apache Tomcat/9.0.0.M4
27-Apr-2016 21:04:50.524 INFO [localhost-startStop-1] org.apache.catalina.startup.HostConfig.deployDirectory Deploying web application directory D:\Issue-Tracker\Program\apache-tomcat-9.0.0.M4\webapps\docs
27-Apr-2016 21:04:50.722 INFO [localhost-startStop-1] org.apache.catalina.startup.HostConfig.deployDirectory Deployment of web application directory D:\Issue-Tracker\Program\apache-tomcat-9.0.0.M4\webapps\docs has finished in 198 ms
27-Apr-2016 21:04:50.723 INFO [localhost-startStop-1] org.apache.catalina.startup.HostConfig.deployDirectory Deploying web application directory D:\Issue-Tracker\Program\apache-tomcat-9.0.0.M4\webapps\examples
27-Apr-2016 21:04:50.959 INFO [localhost-startStop-1] org.apache.catalina.startup.HostConfig.deployDirectory Deployment of web application directory D:\Issue-Tracker\Program\apache-tomcat-9.0.0.M4\webapps\examples has finished in 236 ms
27-Apr-2016 21:04:50.959 INFO [localhost-startStop-1] org.apache.catalina.startup.HostConfig.deployDirectory Deploying web application directory D:\Issue-Tracker\Program\apache-tomcat-9.0.0.M4\webapps\host-manager
27-Apr-2016 21:04:50.981 INFO [localhost-startStop-1] org.apache.catalina.startup.HostConfig.deployDirectory Deployment of web application directory D:\Issue-Tracker\Program\apache-tomcat-9.0.0.M4\webapps\host-manager has finished in 22 ms
27-Apr-2016 21:04:50.981 INFO [localhost-startStop-1] org.apache.catalina.startup.HostConfig.deployDirectory Deploying web application directory D:\Issue-Tracker\Program\apache-tomcat-9.0.0.M4\webapps\manager
27-Apr-2016 21:04:51.004 INFO [localhost-startStop-1] org.apache.catalina.startup.HostConfig.deployDirectory Deployment of web application directory D:\Issue-Tracker\Program\apache-tomcat-9.0.0.M4\webapps\manager has finished in 23 ms
27-Apr-2016 21:04:51.005 INFO [localhost-startStop-1] org.apache.catalina.startup.HostConfig.deployDirectory Deploying web application directory D:\Issue-Tracker\Program\apache-tomcat-9.0.0.M4\webapps\ROOT
27-Apr-2016 21:04:51.026 INFO [localhost-startStop-1] org.apache.catalina.startup.HostConfig.deployDirectory Deployment of web application directory D:\Issue-Tracker\Program\apache-tomcat-9.0.0.M4\webapps\ROOT has finished in 21 ms
27-Apr-2016 21:04:51.028 INFO [main] org.apache.coyote.AbstractProtocol.start Starting ProtocolHandler [ajp-nio-8009]
27-Apr-2016 21:04:51.034 INFO [main] org.apache.catalina.startup.Catalina.start Server startup in 530 ms
27-Apr-2016 21:06:00.090 INFO [main] org.apache.catalina.core.StandardServer.await A valid shutdown command was received via the shutdown port. Stopping the Server instance.
27-Apr-2016 21:06:00.091 INFO [main] org.apache.coyote.AbstractProtocol.pause Pausing ProtocolHandler ["http-nio-80"]
27-Apr-2016 21:06:00.091 INFO [main] org.apache.coyote.AbstractProtocol.pause Pausing ProtocolHandler ["ajp-nio-8009"]
27-Apr-2016 21:06:00.144 INFO [main] org.apache.catalina.core.StandardService.stopInternal Stopping service Catalina
27-Apr-2016 21:06:00.159 INFO [main] org.apache.coyote.AbstractProtocol.stop Stopping ProtocolHandler ["ajp-nio-8009"]
27-Apr-2016 21:06:00.160 INFO [main] org.apache.coyote.AbstractProtocol.stop Stopping ProtocolHandler ["http-nio-80"]
27-Apr-2016 21:06:00.160 INFO [main] org.apache.coyote.AbstractProtocol.destroy Destroying ProtocolHandler ["http-nio-80"]
27-Apr-2016 21:06:00.161 INFO [main] org.apache.coyote.AbstractProtocol.destroy Destroying ProtocolHandler ["ajp-nio-8009"]
27-Apr-2016 21:16:56.886 INFO [main] org.apache.catalina.startup.VersionLoggerListener.log Server version:        Apache Tomcat/9.0.0.M4
27-Apr-2016 21:16:56.888 INFO [main] org.apache.catalina.startup.VersionLoggerListener.log Server built:          Mar 12 2016 11:39:59 UTC
27-Apr-2016 21:16:56.888 INFO [main] org.apache.catalina.startup.VersionLoggerListener.log Server number:         9.0.0.0
27-Apr-2016 21:16:56.888 INFO [main] org.apache.catalina.startup.VersionLoggerListener.log OS Name:               Windows 10
27-Apr-2016 21:16:56.888 INFO [main] org.apache.catalina.startup.VersionLoggerListener.log OS Version:            10.0
27-Apr-2016 21:16:56.888 INFO [main] org.apache.catalina.startup.VersionLoggerListener.log Architecture:          amd64
27-Apr-2016 21:16:56.888 INFO [main] org.apache.catalina.startup.VersionLoggerListener.log Java Home:             D:\JDK8\jre
27-Apr-2016 21:16:56.889 INFO [main] org.apache.catalina.startup.VersionLoggerListener.log JVM Version:           1.8.0_65-b17
27-Apr-2016 21:16:56.889 INFO [main] org.apache.catalina.startup.VersionLoggerListener.log JVM Vendor:            Oracle Corporation
27-Apr-2016 21:16:56.889 INFO [main] org.apache.catalina.startup.VersionLoggerListener.log CATALINA_BASE:         D:\Issue-Tracker\Program\apache-tomcat-9.0.0.M4
27-Apr-2016 21:16:56.889 INFO [main] org.apache.catalina.startup.VersionLoggerListener.log CATALINA_HOME:         D:\Issue-Tracker\Program\apache-tomcat-9.0.0.M4
27-Apr-2016 21:16:56.890 INFO [main] org.apache.catalina.startup.VersionLoggerListener.log Command line argument: -Djava.util.logging.config.file=D:\Issue-Tracker\Program\apache-tomcat-9.0.0.M4\conf\logging.properties
27-Apr-2016 21:16:56.890 INFO [main] org.apache.catalina.startup.VersionLoggerListener.log Command line argument: -Djava.util.logging.manager=org.apache.juli.ClassLoaderLogManager
27-Apr-2016 21:16:56.890 INFO [main] org.apache.catalina.startup.VersionLoggerListener.log Command line argument: -Dcatalina.base=D:\Issue-Tracker\Program\apache-tomcat-9.0.0.M4
27-Apr-2016 21:16:56.891 INFO [main] org.apache.catalina.startup.VersionLoggerListener.log Command line argument: -Dcatalina.home=D:\Issue-Tracker\Program\apache-tomcat-9.0.0.M4
27-Apr-2016 21:16:56.891 INFO [main] org.apache.catalina.startup.VersionLoggerListener.log Command line argument: -Djava.io.tmpdir=D:\Issue-Tracker\Program\apache-tomcat-9.0.0.M4\temp
27-Apr-2016 21:16:56.891 INFO [main] org.apache.catalina.core.AprLifecycleListener.lifecycleEvent The APR based Apache Tomcat Native library which allows optimal performance in production environments was not found on the java.library.path: D:\JDK8\bin;E:\WINDOWS\Sun\Java\bin;E:\WINDOWS\system32;E:\WINDOWS;E:\ProgramData\Oracle\Java\javapath;E:\Windows\system32;E:\Windows;E:\Windows\System32\Wbem;E:\Windows\System32\WindowsPowerShell\v1.0\;E:\Program Files\Microsoft SQL Server\110\Tools\Binn\;E:\Program Files (x86)\Common Files\Acronis\SnapAPI\;D:\Go\bin;D:\Gopath\bin;E:\Program Files (x86)\Microsoft SQL Server\100\Tools\Binn\;E:\Program Files\Microsoft SQL Server\100\Tools\Binn\;E:\Program Files\Microsoft SQL Server\100\DTS\Binn\;D:\Programs\PascalFree2.6.4\bin\i386-Win32;E:\Program Files (x86)\NVIDIA Corporation\PhysX\Common;D:\MinGW\bin;E:\Users\Reddy\.dnx\bin;E:\Program Files\Microsoft DNX\Dnvm\;E:\WINDOWS\system32;E:\WINDOWS;E:\WINDOWS\System32\Wbem;E:\WINDOWS\System32\WindowsPowerShell\v1.0\;E:\Program Files (x86)\Windows Kits\8.1\Windows Performance Toolkit\;E:\Program Files (x86)\Skype\Phone\;E:\Program Files\Microsoft SQL Server\120\DTS\Binn\;E:\Program Files\Microsoft SQL Server\Client SDK\ODBC\110\Tools\Binn\;E:\Program Files (x86)\Microsoft SQL Server\120\Tools\Binn\;E:\Program Files\Microsoft SQL Server\120\Tools\Binn\;E:\Program Files (x86)\Microsoft SQL Server\120\Tools\Binn\ManagementStudio\;E:\Program Files (x86)\Microsoft SQL Server\120\DTS\Binn\;d:\programs\d3dgear;d:\programs\d3dgear;D:\Programs\FreeArc\bin;.
27-Apr-2016 21:16:56.985 INFO [main] org.apache.coyote.AbstractProtocol.init Initializing ProtocolHandler ["http-nio-80"]
27-Apr-2016 21:16:56.997 SEVERE [main] org.apache.coyote.AbstractProtocol.init Failed to initialize end point associated with ProtocolHandler ["http-nio-80"]
 java.net.BindException: Address already in use: bind
	at sun.nio.ch.Net.bind0(Native Method)
	at sun.nio.ch.Net.bind(Net.java:433)
	at sun.nio.ch.Net.bind(Net.java:425)
	at sun.nio.ch.ServerSocketChannelImpl.bind(ServerSocketChannelImpl.java:223)
	at sun.nio.ch.ServerSocketAdaptor.bind(ServerSocketAdaptor.java:74)
	at org.apache.tomcat.util.net.NioEndpoint.bind(NioEndpoint.java:245)
	at org.apache.tomcat.util.net.AbstractEndpoint.init(AbstractEndpoint.java:798)
	at org.apache.coyote.AbstractProtocol.init(AbstractProtocol.java:547)
	at org.apache.coyote.http11.AbstractHttp11Protocol.init(AbstractHttp11Protocol.java:66)
	at org.apache.catalina.connector.Connector.initInternal(Connector.java:1010)
	at org.apache.catalina.util.LifecycleBase.init(LifecycleBase.java:107)
	at org.apache.catalina.core.StandardService.initInternal(StandardService.java:549)
	at org.apache.catalina.util.LifecycleBase.init(LifecycleBase.java:107)
	at org.apache.catalina.core.StandardServer.initInternal(StandardServer.java:873)
	at org.apache.catalina.util.LifecycleBase.init(LifecycleBase.java:107)
	at org.apache.catalina.startup.Catalina.load(Catalina.java:606)
	at org.apache.catalina.startup.Catalina.load(Catalina.java:629)
	at sun.reflect.NativeMethodAccessorImpl.invoke0(Native Method)
	at sun.reflect.NativeMethodAccessorImpl.invoke(NativeMethodAccessorImpl.java:62)
	at sun.reflect.DelegatingMethodAccessorImpl.invoke(DelegatingMethodAccessorImpl.java:43)
	at java.lang.reflect.Method.invoke(Method.java:497)
	at org.apache.catalina.startup.Bootstrap.load(Bootstrap.java:311)
	at org.apache.catalina.startup.Bootstrap.main(Bootstrap.java:494)

27-Apr-2016 21:16:57.000 SEVERE [main] org.apache.catalina.core.StandardService.initInternal Failed to initialize connector [Connector[HTTP/1.1-80]]
 org.apache.catalina.LifecycleException: Failed to initialize component [Connector[HTTP/1.1-80]]
	at org.apache.catalina.util.LifecycleBase.init(LifecycleBase.java:112)
	at org.apache.catalina.core.StandardService.initInternal(StandardService.java:549)
	at org.apache.catalina.util.LifecycleBase.init(LifecycleBase.java:107)
	at org.apache.catalina.core.StandardServer.initInternal(StandardServer.java:873)
	at org.apache.catalina.util.LifecycleBase.init(LifecycleBase.java:107)
	at org.apache.catalina.startup.Catalina.load(Catalina.java:606)
	at org.apache.catalina.startup.Catalina.load(Catalina.java:629)
	at sun.reflect.NativeMethodAccessorImpl.invoke0(Native Method)
	at sun.reflect.NativeMethodAccessorImpl.invoke(NativeMethodAccessorImpl.java:62)
	at sun.reflect.DelegatingMethodAccessorImpl.invoke(DelegatingMethodAccessorImpl.java:43)
	at java.lang.reflect.Method.invoke(Method.java:497)
	at org.apache.catalina.startup.Bootstrap.load(Bootstrap.java:311)
	at org.apache.catalina.startup.Bootstrap.main(Bootstrap.java:494)
Caused by: org.apache.catalina.LifecycleException: Protocol handler initialization failed
	at org.apache.catalina.connector.Connector.initInternal(Connector.java:1013)
	at org.apache.catalina.util.LifecycleBase.init(LifecycleBase.java:107)
	... 12 more
Caused by: java.net.BindException: Address already in use: bind
	at sun.nio.ch.Net.bind0(Native Method)
	at sun.nio.ch.Net.bind(Net.java:433)
	at sun.nio.ch.Net.bind(Net.java:425)
	at sun.nio.ch.ServerSocketChannelImpl.bind(ServerSocketChannelImpl.java:223)
	at sun.nio.ch.ServerSocketAdaptor.bind(ServerSocketAdaptor.java:74)
	at org.apache.tomcat.util.net.NioEndpoint.bind(NioEndpoint.java:245)
	at org.apache.tomcat.util.net.AbstractEndpoint.init(AbstractEndpoint.java:798)
	at org.apache.coyote.AbstractProtocol.init(AbstractProtocol.java:547)
	at org.apache.coyote.http11.AbstractHttp11Protocol.init(AbstractHttp11Protocol.java:66)
	at org.apache.catalina.connector.Connector.initInternal(Connector.java:1010)
	... 13 more

27-Apr-2016 21:16:57.004 INFO [main] org.apache.coyote.AbstractProtocol.init Initializing ProtocolHandler ["ajp-nio-8009"]
27-Apr-2016 21:16:57.064 INFO [main] org.apache.tomcat.util.net.NioSelectorPool.getSharedSelector Using a shared selector for servlet write/read
27-Apr-2016 21:16:57.066 INFO [main] org.apache.catalina.startup.Catalina.load Initialization processed in 448 ms
27-Apr-2016 21:16:57.083 INFO [main] org.apache.catalina.core.StandardService.startInternal Starting service Catalina
27-Apr-2016 21:16:57.083 INFO [main] org.apache.catalina.core.StandardEngine.startInternal Starting Servlet Engine: Apache Tomcat/9.0.0.M4
27-Apr-2016 21:16:57.089 INFO [localhost-startStop-1] org.apache.catalina.startup.HostConfig.deployDirectory Deploying web application directory D:\Issue-Tracker\Program\apache-tomcat-9.0.0.M4\webapps\docs
27-Apr-2016 21:16:57.301 INFO [localhost-startStop-1] org.apache.catalina.startup.HostConfig.deployDirectory Deployment of web application directory D:\Issue-Tracker\Program\apache-tomcat-9.0.0.M4\webapps\docs has finished in 212 ms
27-Apr-2016 21:16:57.302 INFO [localhost-startStop-1] org.apache.catalina.startup.HostConfig.deployDirectory Deploying web application directory D:\Issue-Tracker\Program\apache-tomcat-9.0.0.M4\webapps\examples
27-Apr-2016 21:16:57.546 INFO [localhost-startStop-1] org.apache.catalina.startup.HostConfig.deployDirectory Deployment of web application directory D:\Issue-Tracker\Program\apache-tomcat-9.0.0.M4\webapps\examples has finished in 244 ms
27-Apr-2016 21:16:57.546 INFO [localhost-startStop-1] org.apache.catalina.startup.HostConfig.deployDirectory Deploying web application directory D:\Issue-Tracker\Program\apache-tomcat-9.0.0.M4\webapps\host-manager
27-Apr-2016 21:16:57.564 INFO [localhost-startStop-1] org.apache.catalina.startup.HostConfig.deployDirectory Deployment of web application directory D:\Issue-Tracker\Program\apache-tomcat-9.0.0.M4\webapps\host-manager has finished in 18 ms
27-Apr-2016 21:16:57.565 INFO [localhost-startStop-1] org.apache.catalina.startup.HostConfig.deployDirectory Deploying web application directory D:\Issue-Tracker\Program\apache-tomcat-9.0.0.M4\webapps\manager
27-Apr-2016 21:16:57.581 INFO [localhost-startStop-1] org.apache.catalina.startup.HostConfig.deployDirectory Deployment of web application directory D:\Issue-Tracker\Program\apache-tomcat-9.0.0.M4\webapps\manager has finished in 16 ms
27-Apr-2016 21:16:57.581 INFO [localhost-startStop-1] org.apache.catalina.startup.HostConfig.deployDirectory Deploying web application directory D:\Issue-Tracker\Program\apache-tomcat-9.0.0.M4\webapps\ROOT
27-Apr-2016 21:16:57.597 INFO [localhost-startStop-1] org.apache.catalina.startup.HostConfig.deployDirectory Deployment of web application directory D:\Issue-Tracker\Program\apache-tomcat-9.0.0.M4\webapps\ROOT has finished in 16 ms
27-Apr-2016 21:16:57.600 INFO [main] org.apache.coyote.AbstractProtocol.start Starting ProtocolHandler [ajp-nio-8009]
27-Apr-2016 21:16:57.604 INFO [main] org.apache.catalina.startup.Catalina.start Server startup in 537 ms
27-Apr-2016 21:18:16.487 INFO [main] org.apache.catalina.core.StandardServer.await A valid shutdown command was received via the shutdown port. Stopping the Server instance.
27-Apr-2016 21:18:16.487 INFO [main] org.apache.coyote.AbstractProtocol.pause Pausing ProtocolHandler ["http-nio-80"]
27-Apr-2016 21:18:16.487 INFO [main] org.apache.coyote.AbstractProtocol.pause Pausing ProtocolHandler ["ajp-nio-8009"]
27-Apr-2016 21:18:16.565 INFO [main] org.apache.catalina.core.StandardService.stopInternal Stopping service Catalina
27-Apr-2016 21:18:16.565 INFO [main] org.apache.coyote.AbstractProtocol.stop Stopping ProtocolHandler ["ajp-nio-8009"]
27-Apr-2016 21:18:16.581 INFO [main] org.apache.coyote.AbstractProtocol.stop Stopping ProtocolHandler ["http-nio-80"]
27-Apr-2016 21:18:16.581 INFO [main] org.apache.coyote.AbstractProtocol.destroy Destroying ProtocolHandler ["http-nio-80"]
27-Apr-2016 21:18:16.581 INFO [main] org.apache.coyote.AbstractProtocol.destroy Destroying ProtocolHandler ["ajp-nio-8009"]
27-Apr-2016 21:18:27.686 INFO [main] org.apache.catalina.startup.VersionLoggerListener.log Server version:        Apache Tomcat/9.0.0.M4
27-Apr-2016 21:18:27.686 INFO [main] org.apache.catalina.startup.VersionLoggerListener.log Server built:          Mar 12 2016 11:39:59 UTC
27-Apr-2016 21:18:27.686 INFO [main] org.apache.catalina.startup.VersionLoggerListener.log Server number:         9.0.0.0
27-Apr-2016 21:18:27.686 INFO [main] org.apache.catalina.startup.VersionLoggerListener.log OS Name:               Windows 10
27-Apr-2016 21:18:27.686 INFO [main] org.apache.catalina.startup.VersionLoggerListener.log OS Version:            10.0
27-Apr-2016 21:18:27.686 INFO [main] org.apache.catalina.startup.VersionLoggerListener.log Architecture:          amd64
27-Apr-2016 21:18:27.686 INFO [main] org.apache.catalina.startup.VersionLoggerListener.log Java Home:             D:\JDK8\jre
27-Apr-2016 21:18:27.686 INFO [main] org.apache.catalina.startup.VersionLoggerListener.log JVM Version:           1.8.0_65-b17
27-Apr-2016 21:18:27.686 INFO [main] org.apache.catalina.startup.VersionLoggerListener.log JVM Vendor:            Oracle Corporation
27-Apr-2016 21:18:27.686 INFO [main] org.apache.catalina.startup.VersionLoggerListener.log CATALINA_BASE:         D:\Issue-Tracker\Program\apache-tomcat-9.0.0.M4
27-Apr-2016 21:18:27.686 INFO [main] org.apache.catalina.startup.VersionLoggerListener.log CATALINA_HOME:         D:\Issue-Tracker\Program\apache-tomcat-9.0.0.M4
27-Apr-2016 21:18:27.686 INFO [main] org.apache.catalina.startup.VersionLoggerListener.log Command line argument: -Djava.util.logging.config.file=D:\Issue-Tracker\Program\apache-tomcat-9.0.0.M4\conf\logging.properties
27-Apr-2016 21:18:27.686 INFO [main] org.apache.catalina.startup.VersionLoggerListener.log Command line argument: -Djava.util.logging.manager=org.apache.juli.ClassLoaderLogManager
27-Apr-2016 21:18:27.686 INFO [main] org.apache.catalina.startup.VersionLoggerListener.log Command line argument: -Dcatalina.base=D:\Issue-Tracker\Program\apache-tomcat-9.0.0.M4
27-Apr-2016 21:18:27.686 INFO [main] org.apache.catalina.startup.VersionLoggerListener.log Command line argument: -Dcatalina.home=D:\Issue-Tracker\Program\apache-tomcat-9.0.0.M4
27-Apr-2016 21:18:27.686 INFO [main] org.apache.catalina.startup.VersionLoggerListener.log Command line argument: -Djava.io.tmpdir=D:\Issue-Tracker\Program\apache-tomcat-9.0.0.M4\temp
27-Apr-2016 21:18:27.686 INFO [main] org.apache.catalina.core.AprLifecycleListener.lifecycleEvent The APR based Apache Tomcat Native library which allows optimal performance in production environments was not found on the java.library.path: D:\JDK8\bin;E:\WINDOWS\Sun\Java\bin;E:\WINDOWS\system32;E:\WINDOWS;E:\ProgramData\Oracle\Java\javapath;E:\Windows\system32;E:\Windows;E:\Windows\System32\Wbem;E:\Windows\System32\WindowsPowerShell\v1.0\;E:\Program Files\Microsoft SQL Server\110\Tools\Binn\;E:\Program Files (x86)\Common Files\Acronis\SnapAPI\;D:\Go\bin;D:\Gopath\bin;E:\Program Files (x86)\Microsoft SQL Server\100\Tools\Binn\;E:\Program Files\Microsoft SQL Server\100\Tools\Binn\;E:\Program Files\Microsoft SQL Server\100\DTS\Binn\;D:\Programs\PascalFree2.6.4\bin\i386-Win32;E:\Program Files (x86)\NVIDIA Corporation\PhysX\Common;D:\MinGW\bin;E:\Users\Reddy\.dnx\bin;E:\Program Files\Microsoft DNX\Dnvm\;E:\WINDOWS\system32;E:\WINDOWS;E:\WINDOWS\System32\Wbem;E:\WINDOWS\System32\WindowsPowerShell\v1.0\;E:\Program Files (x86)\Windows Kits\8.1\Windows Performance Toolkit\;E:\Program Files (x86)\Skype\Phone\;E:\Program Files\Microsoft SQL Server\120\DTS\Binn\;E:\Program Files\Microsoft SQL Server\Client SDK\ODBC\110\Tools\Binn\;E:\Program Files (x86)\Microsoft SQL Server\120\Tools\Binn\;E:\Program Files\Microsoft SQL Server\120\Tools\Binn\;E:\Program Files (x86)\Microsoft SQL Server\120\Tools\Binn\ManagementStudio\;E:\Program Files (x86)\Microsoft SQL Server\120\DTS\Binn\;d:\programs\d3dgear;d:\programs\d3dgear;D:\Programs\FreeArc\bin;.
27-Apr-2016 21:18:27.784 INFO [main] org.apache.coyote.AbstractProtocol.init Initializing ProtocolHandler ["http-nio-8080"]
27-Apr-2016 21:18:27.841 INFO [main] org.apache.tomcat.util.net.NioSelectorPool.getSharedSelector Using a shared selector for servlet write/read
27-Apr-2016 21:18:27.844 INFO [main] org.apache.coyote.AbstractProtocol.init Initializing ProtocolHandler ["ajp-nio-8009"]
27-Apr-2016 21:18:27.846 INFO [main] org.apache.tomcat.util.net.NioSelectorPool.getSharedSelector Using a shared selector for servlet write/read
27-Apr-2016 21:18:27.847 INFO [main] org.apache.catalina.startup.Catalina.load Initialization processed in 430 ms
27-Apr-2016 21:18:27.864 INFO [main] org.apache.catalina.core.StandardService.startInternal Starting service Catalina
27-Apr-2016 21:18:27.864 INFO [main] org.apache.catalina.core.StandardEngine.startInternal Starting Servlet Engine: Apache Tomcat/9.0.0.M4
27-Apr-2016 21:18:27.871 INFO [localhost-startStop-1] org.apache.catalina.startup.HostConfig.deployDirectory Deploying web application directory D:\Issue-Tracker\Program\apache-tomcat-9.0.0.M4\webapps\docs
27-Apr-2016 21:18:28.083 INFO [localhost-startStop-1] org.apache.catalina.startup.HostConfig.deployDirectory Deployment of web application directory D:\Issue-Tracker\Program\apache-tomcat-9.0.0.M4\webapps\docs has finished in 212 ms
27-Apr-2016 21:18:28.084 INFO [localhost-startStop-1] org.apache.catalina.startup.HostConfig.deployDirectory Deploying web application directory D:\Issue-Tracker\Program\apache-tomcat-9.0.0.M4\webapps\examples
27-Apr-2016 21:18:28.344 INFO [localhost-startStop-1] org.apache.catalina.startup.HostConfig.deployDirectory Deployment of web application directory D:\Issue-Tracker\Program\apache-tomcat-9.0.0.M4\webapps\examples has finished in 260 ms
27-Apr-2016 21:18:28.344 INFO [localhost-startStop-1] org.apache.catalina.startup.HostConfig.deployDirectory Deploying web application directory D:\Issue-Tracker\Program\apache-tomcat-9.0.0.M4\webapps\host-manager
27-Apr-2016 21:18:28.364 INFO [localhost-startStop-1] org.apache.catalina.startup.HostConfig.deployDirectory Deployment of web application directory D:\Issue-Tracker\Program\apache-tomcat-9.0.0.M4\webapps\host-manager has finished in 20 ms
27-Apr-2016 21:18:28.365 INFO [localhost-startStop-1] org.apache.catalina.startup.HostConfig.deployDirectory Deploying web application directory D:\Issue-Tracker\Program\apache-tomcat-9.0.0.M4\webapps\manager
27-Apr-2016 21:18:28.382 INFO [localhost-startStop-1] org.apache.catalina.startup.HostConfig.deployDirectory Deployment of web application directory D:\Issue-Tracker\Program\apache-tomcat-9.0.0.M4\webapps\manager has finished in 17 ms
27-Apr-2016 21:18:28.383 INFO [localhost-startStop-1] org.apache.catalina.startup.HostConfig.deployDirectory Deploying web application directory D:\Issue-Tracker\Program\apache-tomcat-9.0.0.M4\webapps\ROOT
27-Apr-2016 21:18:28.399 INFO [localhost-startStop-1] org.apache.catalina.startup.HostConfig.deployDirectory Deployment of web application directory D:\Issue-Tracker\Program\apache-tomcat-9.0.0.M4\webapps\ROOT has finished in 16 ms
27-Apr-2016 21:18:28.401 INFO [main] org.apache.coyote.AbstractProtocol.start Starting ProtocolHandler [http-nio-8080]
27-Apr-2016 21:18:28.406 INFO [main] org.apache.coyote.AbstractProtocol.start Starting ProtocolHandler [ajp-nio-8009]
27-Apr-2016 21:18:28.407 INFO [main] org.apache.catalina.startup.Catalina.start Server startup in 559 ms
27-Apr-2016 21:20:48.422 INFO [ContainerBackgroundProcessor[StandardEngine[Catalina]]] org.apache.catalina.startup.HostConfig.reload Reloading context []
27-Apr-2016 21:20:48.423 INFO [ContainerBackgroundProcessor[StandardEngine[Catalina]]] org.apache.catalina.core.StandardContext.reload Reloading Context with name [] has started
27-Apr-2016 21:20:48.440 INFO [ContainerBackgroundProcessor[StandardEngine[Catalina]]] org.apache.catalina.core.StandardContext.reload Reloading Context with name [] is completed
27-Apr-2016 21:21:09.590 INFO [main] org.apache.catalina.core.StandardServer.await A valid shutdown command was received via the shutdown port. Stopping the Server instance.
27-Apr-2016 21:21:09.590 INFO [main] org.apache.coyote.AbstractProtocol.pause Pausing ProtocolHandler ["http-nio-8080"]
27-Apr-2016 21:21:09.652 INFO [main] org.apache.coyote.AbstractProtocol.pause Pausing ProtocolHandler ["ajp-nio-8009"]
27-Apr-2016 21:21:09.715 INFO [main] org.apache.catalina.core.StandardService.stopInternal Stopping service Catalina
27-Apr-2016 21:21:09.715 INFO [main] org.apache.coyote.AbstractProtocol.stop Stopping ProtocolHandler ["http-nio-8080"]
27-Apr-2016 21:21:09.715 INFO [main] org.apache.coyote.AbstractProtocol.stop Stopping ProtocolHandler ["ajp-nio-8009"]
27-Apr-2016 21:21:09.715 INFO [main] org.apache.coyote.AbstractProtocol.destroy Destroying ProtocolHandler ["http-nio-8080"]
27-Apr-2016 21:21:09.730 INFO [main] org.apache.coyote.AbstractProtocol.destroy Destroying ProtocolHandler ["ajp-nio-8009"]
27-Apr-2016 21:21:11.574 INFO [main] org.apache.catalina.startup.VersionLoggerListener.log Server version:        Apache Tomcat/9.0.0.M4
27-Apr-2016 21:21:11.574 INFO [main] org.apache.catalina.startup.VersionLoggerListener.log Server built:          Mar 12 2016 11:39:59 UTC
27-Apr-2016 21:21:11.574 INFO [main] org.apache.catalina.startup.VersionLoggerListener.log Server number:         9.0.0.0
27-Apr-2016 21:21:11.574 INFO [main] org.apache.catalina.startup.VersionLoggerListener.log OS Name:               Windows 10
27-Apr-2016 21:21:11.574 INFO [main] org.apache.catalina.startup.VersionLoggerListener.log OS Version:            10.0
27-Apr-2016 21:21:11.574 INFO [main] org.apache.catalina.startup.VersionLoggerListener.log Architecture:          amd64
27-Apr-2016 21:21:11.574 INFO [main] org.apache.catalina.startup.VersionLoggerListener.log Java Home:             D:\JDK8\jre
27-Apr-2016 21:21:11.574 INFO [main] org.apache.catalina.startup.VersionLoggerListener.log JVM Version:           1.8.0_65-b17
27-Apr-2016 21:21:11.574 INFO [main] org.apache.catalina.startup.VersionLoggerListener.log JVM Vendor:            Oracle Corporation
27-Apr-2016 21:21:11.574 INFO [main] org.apache.catalina.startup.VersionLoggerListener.log CATALINA_BASE:         D:\Issue-Tracker\Program\apache-tomcat-9.0.0.M4
27-Apr-2016 21:21:11.574 INFO [main] org.apache.catalina.startup.VersionLoggerListener.log CATALINA_HOME:         D:\Issue-Tracker\Program\apache-tomcat-9.0.0.M4
27-Apr-2016 21:21:11.574 INFO [main] org.apache.catalina.startup.VersionLoggerListener.log Command line argument: -Djava.util.logging.config.file=D:\Issue-Tracker\Program\apache-tomcat-9.0.0.M4\conf\logging.properties
27-Apr-2016 21:21:11.574 INFO [main] org.apache.catalina.startup.VersionLoggerListener.log Command line argument: -Djava.util.logging.manager=org.apache.juli.ClassLoaderLogManager
27-Apr-2016 21:21:11.574 INFO [main] org.apache.catalina.startup.VersionLoggerListener.log Command line argument: -Dcatalina.base=D:\Issue-Tracker\Program\apache-tomcat-9.0.0.M4
27-Apr-2016 21:21:11.574 INFO [main] org.apache.catalina.startup.VersionLoggerListener.log Command line argument: -Dcatalina.home=D:\Issue-Tracker\Program\apache-tomcat-9.0.0.M4
27-Apr-2016 21:21:11.574 INFO [main] org.apache.catalina.startup.VersionLoggerListener.log Command line argument: -Djava.io.tmpdir=D:\Issue-Tracker\Program\apache-tomcat-9.0.0.M4\temp
27-Apr-2016 21:21:11.574 INFO [main] org.apache.catalina.core.AprLifecycleListener.lifecycleEvent The APR based Apache Tomcat Native library which allows optimal performance in production environments was not found on the java.library.path: D:\JDK8\bin;E:\WINDOWS\Sun\Java\bin;E:\WINDOWS\system32;E:\WINDOWS;E:\ProgramData\Oracle\Java\javapath;E:\Windows\system32;E:\Windows;E:\Windows\System32\Wbem;E:\Windows\System32\WindowsPowerShell\v1.0\;E:\Program Files\Microsoft SQL Server\110\Tools\Binn\;E:\Program Files (x86)\Common Files\Acronis\SnapAPI\;D:\Go\bin;D:\Gopath\bin;E:\Program Files (x86)\Microsoft SQL Server\100\Tools\Binn\;E:\Program Files\Microsoft SQL Server\100\Tools\Binn\;E:\Program Files\Microsoft SQL Server\100\DTS\Binn\;D:\Programs\PascalFree2.6.4\bin\i386-Win32;E:\Program Files (x86)\NVIDIA Corporation\PhysX\Common;D:\MinGW\bin;E:\Users\Reddy\.dnx\bin;E:\Program Files\Microsoft DNX\Dnvm\;E:\WINDOWS\system32;E:\WINDOWS;E:\WINDOWS\System32\Wbem;E:\WINDOWS\System32\WindowsPowerShell\v1.0\;E:\Program Files (x86)\Windows Kits\8.1\Windows Performance Toolkit\;E:\Program Files (x86)\Skype\Phone\;E:\Program Files\Microsoft SQL Server\120\DTS\Binn\;E:\Program Files\Microsoft SQL Server\Client SDK\ODBC\110\Tools\Binn\;E:\Program Files (x86)\Microsoft SQL Server\120\Tools\Binn\;E:\Program Files\Microsoft SQL Server\120\Tools\Binn\;E:\Program Files (x86)\Microsoft SQL Server\120\Tools\Binn\ManagementStudio\;E:\Program Files (x86)\Microsoft SQL Server\120\DTS\Binn\;d:\programs\d3dgear;d:\programs\d3dgear;D:\Programs\FreeArc\bin;.
27-Apr-2016 21:21:11.682 INFO [main] org.apache.coyote.AbstractProtocol.init Initializing ProtocolHandler ["http-nio-8080"]
27-Apr-2016 21:21:11.740 INFO [main] org.apache.tomcat.util.net.NioSelectorPool.getSharedSelector Using a shared selector for servlet write/read
27-Apr-2016 21:21:11.742 INFO [main] org.apache.coyote.AbstractProtocol.init Initializing ProtocolHandler ["ajp-nio-8009"]
27-Apr-2016 21:21:11.744 INFO [main] org.apache.tomcat.util.net.NioSelectorPool.getSharedSelector Using a shared selector for servlet write/read
27-Apr-2016 21:21:11.745 INFO [main] org.apache.catalina.startup.Catalina.load Initialization processed in 431 ms
27-Apr-2016 21:21:11.762 INFO [main] org.apache.catalina.core.StandardService.startInternal Starting service Catalina
27-Apr-2016 21:21:11.762 INFO [main] org.apache.catalina.core.StandardEngine.startInternal Starting Servlet Engine: Apache Tomcat/9.0.0.M4
27-Apr-2016 21:21:11.769 INFO [localhost-startStop-1] org.apache.catalina.startup.HostConfig.deployDirectory Deploying web application directory D:\Issue-Tracker\Program\apache-tomcat-9.0.0.M4\webapps\docs
27-Apr-2016 21:21:11.985 INFO [localhost-startStop-1] org.apache.catalina.startup.HostConfig.deployDirectory Deployment of web application directory D:\Issue-Tracker\Program\apache-tomcat-9.0.0.M4\webapps\docs has finished in 215 ms
27-Apr-2016 21:21:11.985 INFO [localhost-startStop-1] org.apache.catalina.startup.HostConfig.deployDirectory Deploying web application directory D:\Issue-Tracker\Program\apache-tomcat-9.0.0.M4\webapps\examples
27-Apr-2016 21:21:12.212 INFO [localhost-startStop-1] org.apache.catalina.startup.HostConfig.deployDirectory Deployment of web application directory D:\Issue-Tracker\Program\apache-tomcat-9.0.0.M4\webapps\examples has finished in 227 ms
27-Apr-2016 21:21:12.212 INFO [localhost-startStop-1] org.apache.catalina.startup.HostConfig.deployDirectory Deploying web application directory D:\Issue-Tracker\Program\apache-tomcat-9.0.0.M4\webapps\host-manager
27-Apr-2016 21:21:12.235 INFO [localhost-startStop-1] org.apache.catalina.startup.HostConfig.deployDirectory Deployment of web application directory D:\Issue-Tracker\Program\apache-tomcat-9.0.0.M4\webapps\host-manager has finished in 23 ms
27-Apr-2016 21:21:12.235 INFO [localhost-startStop-1] org.apache.catalina.startup.HostConfig.deployDirectory Deploying web application directory D:\Issue-Tracker\Program\apache-tomcat-9.0.0.M4\webapps\manager
27-Apr-2016 21:21:12.255 INFO [localhost-startStop-1] org.apache.catalina.startup.HostConfig.deployDirectory Deployment of web application directory D:\Issue-Tracker\Program\apache-tomcat-9.0.0.M4\webapps\manager has finished in 20 ms
27-Apr-2016 21:21:12.256 INFO [localhost-startStop-1] org.apache.catalina.startup.HostConfig.deployDirectory Deploying web application directory D:\Issue-Tracker\Program\apache-tomcat-9.0.0.M4\webapps\ROOT
27-Apr-2016 21:21:12.279 INFO [localhost-startStop-1] org.apache.catalina.startup.HostConfig.deployDirectory Deployment of web application directory D:\Issue-Tracker\Program\apache-tomcat-9.0.0.M4\webapps\ROOT has finished in 22 ms
27-Apr-2016 21:21:12.281 INFO [main] org.apache.coyote.AbstractProtocol.start Starting ProtocolHandler [http-nio-8080]
27-Apr-2016 21:21:12.286 INFO [main] org.apache.coyote.AbstractProtocol.start Starting ProtocolHandler [ajp-nio-8009]
27-Apr-2016 21:21:12.287 INFO [main] org.apache.catalina.startup.Catalina.start Server startup in 542 ms
27-Apr-2016 21:58:02.679 INFO [ContainerBackgroundProcessor[StandardEngine[Catalina]]] org.apache.catalina.startup.HostConfig.reload Reloading context []
27-Apr-2016 21:58:02.680 INFO [ContainerBackgroundProcessor[StandardEngine[Catalina]]] org.apache.catalina.core.StandardContext.reload Reloading Context with name [] has started
27-Apr-2016 21:58:02.698 INFO [ContainerBackgroundProcessor[StandardEngine[Catalina]]] org.apache.catalina.core.StandardContext.reload Reloading Context with name [] is completed
27-Apr-2016 21:58:07.375 INFO [main] org.apache.catalina.core.StandardServer.await A valid shutdown command was received via the shutdown port. Stopping the Server instance.
27-Apr-2016 21:58:07.376 INFO [main] org.apache.coyote.AbstractProtocol.pause Pausing ProtocolHandler ["http-nio-8080"]
27-Apr-2016 21:58:07.429 INFO [main] org.apache.coyote.AbstractProtocol.pause Pausing ProtocolHandler ["ajp-nio-8009"]
27-Apr-2016 21:58:07.480 INFO [main] org.apache.catalina.core.StandardService.stopInternal Stopping service Catalina
27-Apr-2016 21:58:07.495 INFO [main] org.apache.coyote.AbstractProtocol.stop Stopping ProtocolHandler ["http-nio-8080"]
27-Apr-2016 21:58:07.498 INFO [main] org.apache.coyote.AbstractProtocol.stop Stopping ProtocolHandler ["ajp-nio-8009"]
27-Apr-2016 21:58:07.499 INFO [main] org.apache.coyote.AbstractProtocol.destroy Destroying ProtocolHandler ["http-nio-8080"]
27-Apr-2016 21:58:07.500 INFO [main] org.apache.coyote.AbstractProtocol.destroy Destroying ProtocolHandler ["ajp-nio-8009"]
27-Apr-2016 21:58:09.660 INFO [main] org.apache.catalina.startup.VersionLoggerListener.log Server version:        Apache Tomcat/9.0.0.M4
27-Apr-2016 21:58:09.662 INFO [main] org.apache.catalina.startup.VersionLoggerListener.log Server built:          Mar 12 2016 11:39:59 UTC
27-Apr-2016 21:58:09.662 INFO [main] org.apache.catalina.startup.VersionLoggerListener.log Server number:         9.0.0.0
27-Apr-2016 21:58:09.662 INFO [main] org.apache.catalina.startup.VersionLoggerListener.log OS Name:               Windows 10
27-Apr-2016 21:58:09.662 INFO [main] org.apache.catalina.startup.VersionLoggerListener.log OS Version:            10.0
27-Apr-2016 21:58:09.663 INFO [main] org.apache.catalina.startup.VersionLoggerListener.log Architecture:          amd64
27-Apr-2016 21:58:09.663 INFO [main] org.apache.catalina.startup.VersionLoggerListener.log Java Home:             D:\JDK8\jre
27-Apr-2016 21:58:09.663 INFO [main] org.apache.catalina.startup.VersionLoggerListener.log JVM Version:           1.8.0_65-b17
27-Apr-2016 21:58:09.663 INFO [main] org.apache.catalina.startup.VersionLoggerListener.log JVM Vendor:            Oracle Corporation
27-Apr-2016 21:58:09.663 INFO [main] org.apache.catalina.startup.VersionLoggerListener.log CATALINA_BASE:         D:\Issue-Tracker\Program\apache-tomcat-9.0.0.M4
27-Apr-2016 21:58:09.664 INFO [main] org.apache.catalina.startup.VersionLoggerListener.log CATALINA_HOME:         D:\Issue-Tracker\Program\apache-tomcat-9.0.0.M4
27-Apr-2016 21:58:09.664 INFO [main] org.apache.catalina.startup.VersionLoggerListener.log Command line argument: -Djava.util.logging.config.file=D:\Issue-Tracker\Program\apache-tomcat-9.0.0.M4\conf\logging.properties
27-Apr-2016 21:58:09.664 INFO [main] org.apache.catalina.startup.VersionLoggerListener.log Command line argument: -Djava.util.logging.manager=org.apache.juli.ClassLoaderLogManager
27-Apr-2016 21:58:09.665 INFO [main] org.apache.catalina.startup.VersionLoggerListener.log Command line argument: -Dcatalina.base=D:\Issue-Tracker\Program\apache-tomcat-9.0.0.M4
27-Apr-2016 21:58:09.665 INFO [main] org.apache.catalina.startup.VersionLoggerListener.log Command line argument: -Dcatalina.home=D:\Issue-Tracker\Program\apache-tomcat-9.0.0.M4
27-Apr-2016 21:58:09.666 INFO [main] org.apache.catalina.startup.VersionLoggerListener.log Command line argument: -Djava.io.tmpdir=D:\Issue-Tracker\Program\apache-tomcat-9.0.0.M4\temp
27-Apr-2016 21:58:09.666 INFO [main] org.apache.catalina.core.AprLifecycleListener.lifecycleEvent The APR based Apache Tomcat Native library which allows optimal performance in production environments was not found on the java.library.path: D:\JDK8\bin;E:\WINDOWS\Sun\Java\bin;E:\WINDOWS\system32;E:\WINDOWS;E:\ProgramData\Oracle\Java\javapath;E:\Windows\system32;E:\Windows;E:\Windows\System32\Wbem;E:\Windows\System32\WindowsPowerShell\v1.0\;E:\Program Files\Microsoft SQL Server\110\Tools\Binn\;E:\Program Files (x86)\Common Files\Acronis\SnapAPI\;D:\Go\bin;D:\Gopath\bin;E:\Program Files (x86)\Microsoft SQL Server\100\Tools\Binn\;E:\Program Files\Microsoft SQL Server\100\Tools\Binn\;E:\Program Files\Microsoft SQL Server\100\DTS\Binn\;D:\Programs\PascalFree2.6.4\bin\i386-Win32;E:\Program Files (x86)\NVIDIA Corporation\PhysX\Common;D:\MinGW\bin;E:\Users\Reddy\.dnx\bin;E:\Program Files\Microsoft DNX\Dnvm\;E:\WINDOWS\system32;E:\WINDOWS;E:\WINDOWS\System32\Wbem;E:\WINDOWS\System32\WindowsPowerShell\v1.0\;E:\Program Files (x86)\Windows Kits\8.1\Windows Performance Toolkit\;E:\Program Files (x86)\Skype\Phone\;E:\Program Files\Microsoft SQL Server\120\DTS\Binn\;E:\Program Files\Microsoft SQL Server\Client SDK\ODBC\110\Tools\Binn\;E:\Program Files (x86)\Microsoft SQL Server\120\Tools\Binn\;E:\Program Files\Microsoft SQL Server\120\Tools\Binn\;E:\Program Files (x86)\Microsoft SQL Server\120\Tools\Binn\ManagementStudio\;E:\Program Files (x86)\Microsoft SQL Server\120\DTS\Binn\;d:\programs\d3dgear;d:\programs\d3dgear;D:\Programs\FreeArc\bin;.
27-Apr-2016 21:58:09.758 INFO [main] org.apache.coyote.AbstractProtocol.init Initializing ProtocolHandler ["http-nio-8080"]
27-Apr-2016 21:58:09.811 INFO [main] org.apache.tomcat.util.net.NioSelectorPool.getSharedSelector Using a shared selector for servlet write/read
27-Apr-2016 21:58:09.814 INFO [main] org.apache.coyote.AbstractProtocol.init Initializing ProtocolHandler ["ajp-nio-8009"]
27-Apr-2016 21:58:09.816 INFO [main] org.apache.tomcat.util.net.NioSelectorPool.getSharedSelector Using a shared selector for servlet write/read
27-Apr-2016 21:58:09.816 INFO [main] org.apache.catalina.startup.Catalina.load Initialization processed in 436 ms
27-Apr-2016 21:58:09.832 INFO [main] org.apache.catalina.core.StandardService.startInternal Starting service Catalina
27-Apr-2016 21:58:09.832 INFO [main] org.apache.catalina.core.StandardEngine.startInternal Starting Servlet Engine: Apache Tomcat/9.0.0.M4
27-Apr-2016 21:58:10.046 INFO [localhost-startStop-1] org.apache.catalina.startup.HostConfig.deployDirectory Deploying web application directory D:\Issue-Tracker\Program\apache-tomcat-9.0.0.M4\webapps\docs
27-Apr-2016 21:58:10.062 INFO [localhost-startStop-1] org.apache.catalina.startup.HostConfig.deployDirectory Deployment of web application directory D:\Issue-Tracker\Program\apache-tomcat-9.0.0.M4\webapps\docs has finished in 15 ms
27-Apr-2016 21:58:10.063 INFO [localhost-startStop-1] org.apache.catalina.startup.HostConfig.deployDirectory Deploying web application directory D:\Issue-Tracker\Program\apache-tomcat-9.0.0.M4\webapps\examples
27-Apr-2016 21:58:10.294 INFO [localhost-startStop-1] org.apache.catalina.startup.HostConfig.deployDirectory Deployment of web application directory D:\Issue-Tracker\Program\apache-tomcat-9.0.0.M4\webapps\examples has finished in 232 ms
27-Apr-2016 21:58:10.294 INFO [localhost-startStop-1] org.apache.catalina.startup.HostConfig.deployDirectory Deploying web application directory D:\Issue-Tracker\Program\apache-tomcat-9.0.0.M4\webapps\host-manager
27-Apr-2016 21:58:10.314 INFO [localhost-startStop-1] org.apache.catalina.startup.HostConfig.deployDirectory Deployment of web application directory D:\Issue-Tracker\Program\apache-tomcat-9.0.0.M4\webapps\host-manager has finished in 20 ms
27-Apr-2016 21:58:10.314 INFO [localhost-startStop-1] org.apache.catalina.startup.HostConfig.deployDirectory Deploying web application directory D:\Issue-Tracker\Program\apache-tomcat-9.0.0.M4\webapps\manager
27-Apr-2016 21:58:10.332 INFO [localhost-startStop-1] org.apache.catalina.startup.HostConfig.deployDirectory Deployment of web application directory D:\Issue-Tracker\Program\apache-tomcat-9.0.0.M4\webapps\manager has finished in 18 ms
27-Apr-2016 21:58:10.335 INFO [main] org.apache.coyote.AbstractProtocol.start Starting ProtocolHandler [http-nio-8080]
27-Apr-2016 21:58:10.343 INFO [main] org.apache.coyote.AbstractProtocol.start Starting ProtocolHandler [ajp-nio-8009]
27-Apr-2016 21:58:10.345 INFO [main] org.apache.catalina.startup.Catalina.start Server startup in 527 ms
